Using pre-set license
Built from '2020.3/staging' branch; Version is '2020.3.9f1 (108be757e447) revision 1084391'; Using compiler version '192528614'; Build Type 'Release'
OS: 'Windows 10 Home Single Language; OS build 19041.1083; Version 2004; 64bit' Language: 'en' Physical Memory: 8046 MB
BatchMode: 1, IsHumanControllingUs: 0, StartBugReporterOnCrash: 0, Is64bit: 1, IsPro: 0

 COMMAND LINE ARGUMENTS:
D:\Program\Unity\Download\Unity v.2020.3.9f1\Editor\Unity.exe
-adb2
-batchMode
-noUpm
-name
AssetImportWorker0
-projectPath
D:/Internship/งานหลัก/AR_BOOK_NDE_PROJECT/AR_Book_NDE
-logFile
Logs/AssetImportWorker0.log
-srvPort
54540
Successfully changed project path to: D:/Internship/งานหลัก/AR_BOOK_NDE_PROJECT/AR_Book_NDE
D:/Internship/งานหลัก/AR_BOOK_NDE_PROJECT/AR_Book_NDE
Using Asset Import Pipeline V2.
Refreshing native plugins compatible for Editor in 59.57 ms, found 0 plugins.
Preloading 0 native plugins for Editor in 0.00 ms.
Initialize engine version: 2020.3.9f1 (108be757e447)
[Subsystems] Discovering subsystems at path D:/Program/Unity/Download/Unity v.2020.3.9f1/Editor/Data/Resources/UnitySubsystems
[Subsystems] Discovering subsystems at path D:/Internship/งานหลัก/AR_BOOK_NDE_PROJECT/AR_Book_NDE/Assets
GfxDevice: creating device client; threaded=0
Direct3D:
    Version:  Direct3D 11.0 [level 11.1]
    Renderer: NVIDIA GeForce GTX 1050 Ti (ID=0x1c8c)
    Vendor:   
    VRAM:     4021 MB
    Driver:   25.21.14.2546
Initialize mono
Mono path[0] = 'D:/Program/Unity/Download/Unity v.2020.3.9f1/Editor/Data/Managed'
Mono path[1] = 'D:/Program/Unity/Download/Unity v.2020.3.9f1/Editor/Data/MonoBleedingEdge/lib/mono/unityjit'
Mono config path = 'D:/Program/Unity/Download/Unity v.2020.3.9f1/Editor/Data/MonoBleedingEdge/etc'
Using monoOptions --debugger-agent=transport=dt_socket,embedding=1,server=y,suspend=n,address=127.0.0.1:56544
Begin MonoManager ReloadAssembly
Registering precompiled unity dll's ...
Register platform support module: D:/Program/Unity/Download/Unity v.2020.3.9f1/Editor/Data/PlaybackEngines/WindowsStandaloneSupport/UnityEditor.WindowsStandalone.Extensions.dll
Registered in 0.002153 seconds.
Native extension for WindowsStandalone target not found
Refreshing native plugins compatible for Editor in 49.51 ms, found 0 plugins.
Preloading 0 native plugins for Editor in 0.00 ms.
Mono: successfully reloaded assembly
- Completed reload, in  1.875 seconds
Platform modules already initialized, skipping
Registering precompiled user dll's ...
Registered in 0.000781 seconds.
Begin MonoManager ReloadAssembly
Native extension for WindowsStandalone target not found
Refreshing native plugins compatible for Editor in 0.48 ms, found 0 plugins.
Preloading 0 native plugins for Editor in 0.00 ms.
Mono: successfully reloaded assembly
- Completed reload, in  1.827 seconds
Platform modules already initialized, skipping
========================================================================
Worker process is ready to serve import requests
Launched and connected shader compiler UnityShaderCompiler.exe after 0.40 seconds
Refreshing native plugins compatible for Editor in 0.35 ms, found 0 plugins.
Preloading 0 native plugins for Editor in 0.00 ms.
Unloading 1115 Unused Serialized files (Serialized files now loaded: 0)
System memory in use before: 57.1 MB.
System memory in use after: 57.2 MB.

Unloading 10 unused Assets to reduce memory usage. Loaded Objects now: 1557.
Total: 3.399100 ms (FindLiveObjects: 0.224400 ms CreateObjectMapping: 0.075600 ms MarkObjects: 2.899500 ms  DeleteObjects: 0.197200 ms)

========================================================================
Received Import Request.
  path: Assets/_PROJECT/Scenes/Noom
  artifactKey: Guid(43c6c8ad0b72abb4b86b9ec46983d06a) Importer(815301076,1909f56bfc062723c751e8b465ee728b)
Start importing Assets/_PROJECT/Scenes/Noom using Guid(43c6c8ad0b72abb4b86b9ec46983d06a) Importer(815301076,1909f56bfc062723c751e8b465ee728b)  -> (artifact id: '3b39b76be49b2fcc443012eb7c243775') in 0.016228 seconds
  Import took 0.020084 seconds .

